  [1m[35m (300.5ms)[0m  [1m[35mCREATE DATABASE "auth_pattern_development" ENCODING = 'unicode'[0m
  [1m[35m (314.0ms)[0m  [1m[35mCREATE DATABASE "auth_pattern_test" ENCODING = 'unicode'[0m
  [1m[35m (9.5ms)[0m  [1m[35mCREATE TABLE "schema_migrations" ("version" character varying NOT NULL PRIMARY KEY)[0m
  [1m[35m (6.5ms)[0m  [1m[35mCREATE TABLE "ar_internal_metadata" ("key" character varying NOT NULL PRIMARY KEY, "value" character varying, "created_at" timestamp(6) NOT NULL, "updated_at" timestamp(6) NOT NULL)[0m
  [1m[35m (0.1ms)[0m  [1m[34mSELECT pg_try_advisory_lock(1957105076393226375)[0m
  [1m[35m (0.3ms)[0m  [1m[34mSELECT "schema_migrations"."version" FROM "schema_migrations" ORDER BY "schema_migrations"."version" ASC[0m
Migrating to CreateUsers (20191002035527)
  [1m[35m (0.1ms)[0m  [1m[35mBEGIN[0m
  [1m[35m (7.0ms)[0m  [1m[35mCREATE TABLE "users" ("id" bigserial primary key, "username" character varying NOT NULL, "password_digest" character varying NOT NULL, "session_token" character varying NOT NULL, "created_at" timestamp(6) NOT NULL, "updated_at" timestamp(6) NOT NULL)[0m
  [1m[35m (3.2ms)[0m  [1m[35mCREATE UNIQUE INDEX  "index_users_on_username" ON "users"  ("username")[0m
  [1m[35m (2.9ms)[0m  [1m[35mCREATE UNIQUE INDEX  "index_users_on_session_token" ON "users"  ("session_token")[0m
  [1m[36mprimary::SchemaMigration Create (0.6ms)[0m  [1m[32mINSERT INTO "schema_migrations" ("version") VALUES ($1) RETURNING "version"[0m  [["version", "20191002035527"]]
  [1m[35m (1.3ms)[0m  [1m[35mCOMMIT[0m
  [1m[36mActiveRecord::InternalMetadata Load (0.5ms)[0m  [1m[34mSELECT "ar_internal_metadata".* FROM "ar_internal_metadata" WHERE "ar_internal_metadata"."key" = $1 LIMIT $2[0m  [["key", "environment"], ["LIMIT", 1]]
  [1m[35m (0.2ms)[0m  [1m[35mBEGIN[0m
  [1m[36mActiveRecord::InternalMetadata Create (0.5ms)[0m  [1m[32mINSERT INTO "ar_internal_metadata" ("key", "value", "created_at", "updated_at") VALUES ($1, $2, $3, $4) RETURNING "key"[0m  [["key", "environment"], ["value", "development"], ["created_at", "2019-10-02 03:56:50.599388"], ["updated_at", "2019-10-02 03:56:50.599388"]]
  [1m[35m (0.8ms)[0m  [1m[35mCOMMIT[0m
  [1m[35m (0.3ms)[0m  [1m[34mSELECT pg_advisory_unlock(1957105076393226375)[0m
  [1m[35m (0.4ms)[0m  [1m[34mSELECT "schema_migrations"."version" FROM "schema_migrations" ORDER BY "schema_migrations"."version" ASC[0m
Started GET "/" for ::1 at 2019-10-01 21:24:21 -0700
  [1m[35m (0.4ms)[0m  [1m[34mSELECT "schema_migrations"."version" FROM "schema_migrations" ORDER BY "schema_migrations"."version" ASC[0m
Processing by Rails::WelcomeController#index as HTML
  Rendering /home/bee/.rbenv/versions/2.5.1/lib/ruby/gems/2.5.0/gems/railties-6.0.0/lib/rails/templates/rails/welcome/index.html.erb
  Rendered /home/bee/.rbenv/versions/2.5.1/lib/ruby/gems/2.5.0/gems/railties-6.0.0/lib/rails/templates/rails/welcome/index.html.erb (Duration: 7.6ms | Allocations: 466)
Completed 200 OK in 16ms (Views: 10.4ms | ActiveRecord: 0.0ms | Allocations: 2763)


Started GET "/user/new" for ::1 at 2019-10-01 21:24:28 -0700
  
ActionController::RoutingError (No route matches [GET] "/user/new"):
  
actionpack (6.0.0) lib/action_dispatch/middleware/debug_exceptions.rb:36:in `call'
web-console (4.0.1) lib/web_console/middleware.rb:132:in `call_app'
web-console (4.0.1) lib/web_console/middleware.rb:28:in `block in call'
web-console (4.0.1) lib/web_console/middleware.rb:17:in `catch'
web-console (4.0.1) lib/web_console/middleware.rb:17:in `call'
actionpack (6.0.0) lib/action_dispatch/middleware/show_exceptions.rb:33:in `call'
railties (6.0.0) lib/rails/rack/logger.rb:38:in `call_app'
railties (6.0.0) lib/rails/rack/logger.rb:26:in `block in call'
activesupport (6.0.0) lib/active_support/tagged_logging.rb:80:in `block in tagged'
activesupport (6.0.0) lib/active_support/tagged_logging.rb:28:in `tagged'
activesupport (6.0.0) lib/active_support/tagged_logging.rb:80:in `tagged'
railties (6.0.0) lib/rails/rack/logger.rb:26:in `call'
sprockets-rails (3.2.1) lib/sprockets/rails/quiet_assets.rb:13:in `call'
actionpack (6.0.0) lib/action_dispatch/middleware/remote_ip.rb:81:in `call'
actionpack (6.0.0) lib/action_dispatch/middleware/request_id.rb:27:in `call'
rack (2.0.7) lib/rack/method_override.rb:22:in `call'
rack (2.0.7) lib/rack/runtime.rb:22:in `call'
activesupport (6.0.0) lib/active_support/cache/strategy/local_cache_middleware.rb:29:in `call'
actionpack (6.0.0) lib/action_dispatch/middleware/executor.rb:14:in `call'
actionpack (6.0.0) lib/action_dispatch/middleware/static.rb:126:in `call'
rack (2.0.7) lib/rack/sendfile.rb:111:in `call'
actionpack (6.0.0) lib/action_dispatch/middleware/host_authorization.rb:83:in `call'
webpacker (4.0.7) lib/webpacker/dev_server_proxy.rb:29:in `perform_request'
rack-proxy (0.6.5) lib/rack/proxy.rb:57:in `call'
railties (6.0.0) lib/rails/engine.rb:526:in `call'
puma (3.12.1) lib/puma/configuration.rb:227:in `call'
puma (3.12.1) lib/puma/server.rb:660:in `handle_request'
puma (3.12.1) lib/puma/server.rb:474:in `process_client'
puma (3.12.1) lib/puma/server.rb:334:in `block in run'
puma (3.12.1) lib/puma/thread_pool.rb:135:in `block in spawn_thread'
Started GET "/users/new" for ::1 at 2019-10-01 21:24:40 -0700
Processing by UsersController#new as HTML
Completed 500 Internal Server Error in 5ms (ActiveRecord: 0.0ms | Allocations: 1638)


  
ArgumentError (Unknown validator: 'AtLeastValidator'):
  
app/models/user.rb:5:in `<class:User>'
app/models/user.rb:1:in `<top (required)>'
app/controllers/users_controller.rb:17:in `new'
Started GET "/users/new" for ::1 at 2019-10-01 21:25:15 -0700
  [1m[35m (0.4ms)[0m  [1m[34mSELECT "schema_migrations"."version" FROM "schema_migrations" ORDER BY "schema_migrations"."version" ASC[0m
Processing by UsersController#new as HTML
Completed 500 Internal Server Error in 6ms (ActiveRecord: 0.0ms | Allocations: 2840)



NameError - uninitialized constant #<Class:0x00007fbf15003670>::AtLeastValidator:
  app/models/user.rb:5:in `<class:User>'
  app/models/user.rb:1:in `<top (required)>'
  app/controllers/users_controller.rb:17:in `new'

Started POST "/__better_errors/b581ed64c123d34e/variables" for ::1 at 2019-10-01 21:25:15 -0700
Started POST "/__better_errors/b581ed64c123d34e/variables" for ::1 at 2019-10-01 21:25:23 -0700
Started POST "/__better_errors/b581ed64c123d34e/variables" for ::1 at 2019-10-01 21:25:24 -0700
Started GET "/users/new" for ::1 at 2019-10-01 21:26:32 -0700
Processing by UsersController#new as HTML
Completed 500 Internal Server Error in 3ms (ActiveRecord: 0.0ms | Allocations: 2710)



NameError - uninitialized constant #<Class:0x000056054ad02168>::MinimumValidator:
  app/models/user.rb:5:in `<class:User>'
  app/models/user.rb:1:in `<top (required)>'
  app/controllers/users_controller.rb:17:in `new'

Started POST "/__better_errors/2a1c1b29034fb143/variables" for ::1 at 2019-10-01 21:26:32 -0700
Started GET "/users/new" for ::1 at 2019-10-01 21:27:18 -0700
Processing by UsersController#new as HTML
Completed 500 Internal Server Error in 33ms (ActiveRecord: 3.0ms | Allocations: 8548)



NoMethodError - undefined method `Generate_session_token' for #<Class:0x00007fbf00364478>
Did you mean?  generate_unique_secure_token:
  app/models/user.rb:18:in `ensure_session_token'
  app/controllers/users_controller.rb:17:in `new'

Started POST "/__better_errors/2ed2aa83716c5bb3/variables" for ::1 at 2019-10-01 21:27:18 -0700
Started GET "/users/new" for ::1 at 2019-10-01 21:28:17 -0700
Processing by UsersController#new as HTML
  Rendering users/new.html.erb within layouts/application
  Rendered users/_form.html.erb (Duration: 11.2ms | Allocations: 5884)
  Rendered users/new.html.erb within layouts/application (Duration: 12.2ms | Allocations: 6522)
[Webpacker] Compiling…
[Webpacker] Compiled all packs in /home/bee/appaccademy/aA-homeworks/W14D3/auth_pattern/public/packs
Completed 200 OK in 9546ms (Views: 9530.9ms | ActiveRecord: 6.7ms | Allocations: 1632472)


Started GET "/users" for ::1 at 2019-10-01 21:28:57 -0700
Processing by UsersController#index as HTML
  Rendering users/index.html.erb within layouts/application
  [1m[36mUser Load (1.5ms)[0m  [1m[34mSELECT "users".* FROM "users"[0m
  ↳ app/views/users/index.html.erb:15
  Rendered users/index.html.erb within layouts/application (Duration: 3.8ms | Allocations: 1056)
Completed 200 OK in 13ms (Views: 10.3ms | ActiveRecord: 1.5ms | Allocations: 9108)


Started GET "/users/new" for ::1 at 2019-10-01 21:29:00 -0700
Processing by UsersController#new as HTML
  Rendering users/new.html.erb within layouts/application
  Rendered users/_form.html.erb (Duration: 5.0ms | Allocations: 1174)
  Rendered users/new.html.erb within layouts/application (Duration: 5.5ms | Allocations: 1272)
Completed 200 OK in 50ms (Views: 48.4ms | ActiveRecord: 0.0ms | Allocations: 9151)


Started POST "/users" for ::1 at 2019-10-01 21:29:10 -0700
Processing by UsersController#create as HTML
  Parameters: {"authenticity_token"=>"jRl2RRuTeAVTZlYje1P6rF437YeOumQimSWRLK0UN/N4Wvs0o7aeBEgE3tmJjnGwys0trHcp7f4+8DKGrXwLpw==", "user"=>{"username"=>"Bee", "password"=>"[FILTERED]", "password_confirmation"=>"[FILTERED]", "session_token"=>"dPQIrOYbAYDskbYQa8YX4g"}, "commit"=>"Create User"}
Completed 500 Internal Server Error in 15ms (ActiveRecord: 0.0ms | Allocations: 3577)



NameError - uninitialized constant #<Class:0x00007fbf0112f738>::BCrypt:
  app/models/user.rb:31:in `password='
  app/controllers/users_controller.rb:27:in `create'

Started POST "/__better_errors/20af469c8a0ae75d/variables" for ::1 at 2019-10-01 21:29:10 -0700
Started POST "/users" for ::1 at 2019-10-01 21:32:40 -0700
Processing by UsersController#create as HTML
  Parameters: {"authenticity_token"=>"jRl2RRuTeAVTZlYje1P6rF437YeOumQimSWRLK0UN/N4Wvs0o7aeBEgE3tmJjnGwys0trHcp7f4+8DKGrXwLpw==", "user"=>{"username"=>"Bee", "password"=>"[FILTERED]", "password_confirmation"=>"[FILTERED]", "session_token"=>"dPQIrOYbAYDskbYQa8YX4g"}, "commit"=>"Create User"}
Completed 500 Internal Server Error in 8ms (ActiveRecord: 0.0ms | Allocations: 3562)



NameError - uninitialized constant #<Class:0x00007fbf0112f738>::BCrypt:
  app/models/user.rb:31:in `password='
  app/controllers/users_controller.rb:27:in `create'

Started POST "/__better_errors/c5bef28d548fc5ba/variables" for ::1 at 2019-10-01 21:32:40 -0700
Started GET "/users/new" for ::1 at 2019-10-01 21:34:55 -0700
Processing by UsersController#new as HTML
  Rendering users/new.html.erb within layouts/application
  Rendered users/_form.html.erb (Duration: 1.7ms | Allocations: 1235)
  Rendered users/new.html.erb within layouts/application (Duration: 2.0ms | Allocations: 1333)
Completed 200 OK in 24ms (Views: 7.7ms | ActiveRecord: 10.0ms | Allocations: 14213)


Started POST "/users" for ::1 at 2019-10-01 21:35:10 -0700
Processing by UsersController#create as HTML
  Parameters: {"authenticity_token"=>"B9eTRKT/H0Cy6PhUc4sbMBBh+8+IQalVP2Am6MHhumT31JtqYDPiVd+jTUOxRPt+lKl1sBYjvPcpDML9jfyW1w==", "user"=>{"username"=>"Bee", "password"=>"[FILTERED]", "password_confirmation"=>"[FILTERED]", "session_token"=>"G5MgjtbGkNj5xuMmmKWfAg"}, "commit"=>"Create User"}
Completed 500 Internal Server Error in 13ms (ActiveRecord: 0.0ms | Allocations: 3543)



NameError - uninitialized constant #<Class:0x00007fbf0f259ee8>::Password:
  app/models/user.rb:32:in `password='
  app/controllers/users_controller.rb:27:in `create'

Started POST "/__better_errors/6e6867ddb1844d42/variables" for ::1 at 2019-10-01 21:35:10 -0700
Started GET "/users" for ::1 at 2019-10-01 21:37:59 -0700
Processing by UsersController#index as HTML
Completed 500 Internal Server Error in 4ms (ActiveRecord: 0.0ms | Allocations: 2636)



Bootsnap::LoadPathCache::FallbackScan - :
  app/models/user.rb:2:in `<class:User>'
  app/models/user.rb:1:in `<top (required)>'
  app/controllers/users_controller.rb:7:in `index'

Started POST "/__better_errors/c245350deca00132/variables" for ::1 at 2019-10-01 21:37:59 -0700
Started GET "/users/new" for ::1 at 2019-10-01 21:38:16 -0700
Processing by UsersController#new as HTML
  Rendering users/new.html.erb within layouts/application
  Rendered users/_form.html.erb (Duration: 1.8ms | Allocations: 1228)
  Rendered users/new.html.erb within layouts/application (Duration: 2.0ms | Allocations: 1327)
Completed 200 OK in 21ms (Views: 8.4ms | ActiveRecord: 7.4ms | Allocations: 13389)


Started POST "/users" for ::1 at 2019-10-01 21:38:24 -0700
Processing by UsersController#create as HTML
  Parameters: {"authenticity_token"=>"GYchvZ+RvN3UgU0velUEcfXV/LyF6HlpD8LJY2QyZb/phCmTW11ByLnK+Di4muQ/cR1ywxuKbMsZri12KC9JDA==", "user"=>{"username"=>"Bee", "password"=>"[FILTERED]", "password_confirmation"=>"[FILTERED]", "session_token"=>""}, "commit"=>"Create User"}
Completed 500 Internal Server Error in 2ms (ActiveRecord: 0.0ms | Allocations: 1496)



ActiveModel::UnknownAttributeError - unknown attribute 'password' for User.:
  app/controllers/users_controller.rb:27:in `create'

Started POST "/__better_errors/11893b28f2e5fa48/variables" for ::1 at 2019-10-01 21:38:25 -0700
Started GET "/users/new" for ::1 at 2019-10-01 21:39:01 -0700
Processing by UsersController#new as HTML
Completed 500 Internal Server Error in 3ms (ActiveRecord: 0.0ms | Allocations: 2640)



Bootsnap::LoadPathCache::FallbackScan - :
  app/models/user.rb:2:in `<class:User>'
  app/models/user.rb:1:in `<top (required)>'
  app/controllers/users_controller.rb:17:in `new'

Started POST "/__better_errors/bc4ebe0a8b8b80a2/variables" for ::1 at 2019-10-01 21:39:01 -0700
Started GET "/users/new" for ::1 at 2019-10-01 21:39:10 -0700
Processing by UsersController#new as HTML
  Rendering users/new.html.erb within layouts/application
  Rendered users/_form.html.erb (Duration: 4.9ms | Allocations: 1228)
  Rendered users/new.html.erb within layouts/application (Duration: 5.5ms | Allocations: 1327)
Completed 200 OK in 39ms (Views: 21.2ms | ActiveRecord: 3.1ms | Allocations: 13405)


Started POST "/users" for ::1 at 2019-10-01 21:39:19 -0700
Processing by UsersController#create as HTML
  Parameters: {"authenticity_token"=>"OLKWDw4zsjV0XzZnMQR2+VInnHiEkFqt0zMTO9wn21/IsZ4hyv9PIBkUg3Dzy5a31u8SBxryTw/FX/cukDr37A==", "user"=>{"username"=>"Bee", "password"=>"[FILTERED]", "password_confirmation"=>"[FILTERED]", "session_token"=>""}, "commit"=>"Create User"}
Completed 500 Internal Server Error in 1ms (ActiveRecord: 0.0ms | Allocations: 1487)



ActiveModel::UnknownAttributeError - unknown attribute 'password' for User.:
  app/controllers/users_controller.rb:27:in `create'

Started POST "/__better_errors/3f2c56119a2b87a8/variables" for ::1 at 2019-10-01 21:39:19 -0700
